<?xml version="1.0" encoding="UTF-8"?>
<!-- Generated by org.testng.reporters.JUnitReportReporter -->
<testsuite hostname="ShubhamRabbit" failures="0" tests="5" name="testCases.testCases" time="1.710" errors="0" timestamp="2023-05-14T14:21:30 IST" skipped="0">
  <testcase classname="testCases.testCases" name="checkLogo" time="0.106"/>
  <system-out/>
  <testcase classname="testCases.testCases" name="checkHeading" time="0.041"/>
  <system-out/>
  <testcase classname="testCases.testCases" name="checkSubHeading" time="0.035"/>
  <system-out/>
  <testcase classname="testCases.testCases" name="checkSignInMsg" time="0.032"/>
  <system-out/>
  <testcase classname="testCases.testCases" name="checkCredentials" time="1.496"/>
  <system-out/>
</testsuite> <!-- testCases.testCases -->
