<?xml version="1.0" encoding="UTF-8"?>
<!-- Generated by org.testng.reporters.JUnitReportReporter -->
<testsuite hostname="ShubhamRabbit" failures="0" tests="1" name="AssignmentSwagLabs.SwagLabsProducts" time="4.608" errors="0" timestamp="2023-06-21T00:02:39 IST" skipped="0">
  <testcase classname="AssignmentSwagLabs.SwagLabsProducts" name="filterDropdown" time="4.608"/>
  <system-out/>
</testsuite> <!-- AssignmentSwagLabs.SwagLabsProducts -->
