<?xml version="1.0" encoding="UTF-8"?>
<!-- Generated by org.testng.reporters.JUnitReportReporter -->
<testsuite hostname="ShubhamRabbit" failures="0" tests="5" name="testCases.LoginPage" time="0.367" errors="0" timestamp="2023-05-14T14:35:15 IST" skipped="0">
  <testcase classname="testCases.LoginPage" name="checkLogo" time="0.111"/>
  <system-out/>
  <testcase classname="testCases.LoginPage" name="checkHeading" time="0.037"/>
  <system-out/>
  <testcase classname="testCases.LoginPage" name="checkSubHeading" time="0.033"/>
  <system-out/>
  <testcase classname="testCases.LoginPage" name="checkSignInMsg" time="0.030"/>
  <system-out/>
  <testcase classname="testCases.LoginPage" name="checkRegisterPage" time="0.156"/>
  <system-out/>
</testsuite> <!-- testCases.LoginPage -->
